\BOOKMARK [0][-]{cover.0}{\376\377\000\116\000\112\000\125\000\040\000\103\000\157\000\166\000\145\000\162}{}% 1
\BOOKMARK [0][-]{abstract.0}{\376\377\144\130\060\000\211\201}{}% 2
\BOOKMARK [0][-]{englishabstract.0}{\376\377\000\101\000\142\000\163\000\164\000\162\000\141\000\143\000\164}{}% 3
\BOOKMARK [0][-]{chapter*.1}{\376\377\166\356\000\040\000\040\137\125}{}% 4
\BOOKMARK [0][-]{chapter.1}{\376\377\173\054\116\000\172\340\000\040\000\040\150\007\230\230}{}% 5
\BOOKMARK [1][-]{section.1.1}{\376\377\000\061\000\056\000\061\000\040\217\331\146\057\202\202\150\007\230\230}{chapter.1}% 6
\BOOKMARK [2][-]{subsection.1.1.1}{\376\377\000\061\000\056\000\061\000\056\000\061\000\040\217\331\146\057\134\017\202\202\150\007\230\230}{section.1.1}% 7
\BOOKMARK [0][-]{chapter.2}{\376\377\173\054\116\214\172\340\000\040\000\040\153\143\145\207}{}% 8
\BOOKMARK [1][-]{section.2.1}{\376\377\000\062\000\056\000\061\000\040\153\143\145\207\116\146\121\231\166\204\134\017\142\200\135\347}{chapter.2}% 9
\BOOKMARK [1][-]{section.2.2}{\376\377\000\062\000\056\000\062\000\040\116\000\116\233\153\143\145\207\116\055\166\204\150\007\213\260}{chapter.2}% 10
\BOOKMARK [1][-]{section.2.3}{\376\377\000\062\000\056\000\063\000\040\154\350\141\017\217\157\143\142\210\114\166\204\117\177\165\050}{chapter.2}% 11
\BOOKMARK [0][-]{chapter.3}{\376\377\173\054\116\011\172\340\000\040\000\040\210\150\150\074}{}% 12
\BOOKMARK [1][-]{section.3.1}{\376\377\000\063\000\056\000\061\000\040\210\150\150\074\116\016\210\150\150\074\137\025\165\050\166\204\127\372\147\054\151\202\137\365}{chapter.3}% 13
\BOOKMARK [1][-]{section.3.2}{\376\377\000\063\000\056\000\062\000\040\127\372\147\054\210\150\150\074}{chapter.3}% 14
\BOOKMARK [1][-]{section.3.3}{\376\377\000\063\000\056\000\063\000\040\210\150\150\074\123\125\121\103\215\350\122\027}{chapter.3}% 15
\BOOKMARK [1][-]{section.3.4}{\376\377\000\063\000\056\000\064\000\040\210\150\150\074\123\125\121\103\215\350\210\114}{chapter.3}% 16
\BOOKMARK [1][-]{section.3.5}{\376\377\000\063\000\056\000\065\000\040\210\150\150\074\116\016\126\376\137\142\117\115\177\156}{chapter.3}% 17
\BOOKMARK [0][-]{chapter.4}{\376\377\173\054\126\333\172\340\000\040\000\040\126\376\137\142}{}% 18
\BOOKMARK [1][-]{section.4.1}{\376\377\000\064\000\056\000\061\000\040\127\372\147\054\126\376\137\142}{chapter.4}% 19
\BOOKMARK [1][-]{section.4.2}{\376\377\000\064\000\056\000\062\000\040\137\025\165\050\116\343\170\001}{chapter.4}% 20
\BOOKMARK [0][-]{chapter.5}{\376\377\173\054\116\224\172\340\000\040\000\040\121\154\137\017}{}% 21
\BOOKMARK [1][-]{section.5.1}{\376\377\000\065\000\056\000\061\000\040\121\154\137\017\000\065\000\056\000\061\116\016\213\272\213\301}{chapter.5}% 22
\BOOKMARK [1][-]{section.5.2}{\376\377\000\065\000\056\000\062\000\040\121\154\137\017\000\065\000\056\000\062\116\016\213\272\213\301}{chapter.5}% 23
\BOOKMARK [1][-]{section.5.3}{\376\377\000\065\000\056\000\063\000\040\121\154\137\017\000\065\000\056\000\063\116\016\213\272\213\301}{chapter.5}% 24
\BOOKMARK [0][-]{chapter.6}{\376\377\173\054\121\155\172\340\000\040\000\040\173\227\154\325}{}% 25
\BOOKMARK [0][-]{chapter.7}{\376\377\173\054\116\003\172\340\000\040\000\040\213\272\145\207\137\025\165\050}{}% 26
\BOOKMARK [0][-]{chapter*.4}{\376\377\123\302\200\003\145\207\163\056}{}% 27
\BOOKMARK [0][-]{chapter*.5}{\376\377\173\200\123\206\116\016\171\321\170\024\142\020\147\234}{}% 28
\BOOKMARK [0][-]{chapter*.6}{\376\377\201\364\000\040\000\040\214\042}{}% 29
